<?xml version="1.0" encoding="UTF-8"?>
<testsuite name="ComputerRepairRequestTest" tests="2" skipped="0" failures="0" errors="0" timestamp="2025-03-04T08:45:52" hostname="LAPTOP-Q3R7T602" time="0.095">
  <properties/>
  <testcase name="Test Exemplu" classname="ComputerRepairRequestTest" time="0.076"/>
  <testcase name="First Test" classname="ComputerRepairRequestTest" time="0.013"/>
  <system-out><![CDATA[]]></system-out>
  <system-err><![CDATA[]]></system-err>
</testsuite>
